2024-10-28 17:45:33,042:INFO:현재 페이지의 기업 수: 100
2024-10-28 17:45:33,042:INFO:가져온 총 기업 수: 100
2024-10-28 17:45:33,669:INFO:현재 페이지의 기업 수: 100
2024-10-28 17:45:33,670:INFO:가져온 총 기업 수: 200
2024-10-28 17:45:34,313:INFO:현재 페이지의 기업 수: 100
2024-10-28 17:45:34,313:INFO:가져온 총 기업 수: 300
2024-10-28 17:45:34,959:INFO:현재 페이지의 기업 수: 100
2024-10-28 17:45:34,959:INFO:가져온 총 기업 수: 400
2024-10-28 17:45:35,589:INFO:현재 페이지의 기업 수: 100
2024-10-28 17:45:35,589:INFO:가져온 총 기업 수: 500
2024-10-28 17:45:36,239:INFO:현재 페이지의 기업 수: 100
2024-10-28 17:45:36,239:INFO:가져온 총 기업 수: 600
2024-10-28 17:45:36,883:INFO:현재 페이지의 기업 수: 100
2024-10-28 17:45:36,884:INFO:가져온 총 기업 수: 700
2024-10-28 17:45:37,535:INFO:현재 페이지의 기업 수: 100
2024-10-28 17:45:37,535:INFO:가져온 총 기업 수: 800
2024-10-28 17:45:38,154:INFO:현재 페이지의 기업 수: 100
2024-10-28 17:45:38,154:INFO:가져온 총 기업 수: 900
2024-10-28 17:45:38,783:INFO:현재 페이지의 기업 수: 100
2024-10-28 17:45:38,783:INFO:가져온 총 기업 수: 1000
2024-10-28 17:45:39,432:INFO:현재 페이지의 기업 수: 100
2024-10-28 17:45:39,433:INFO:가져온 총 기업 수: 1100
2024-10-28 17:45:40,069:INFO:현재 페이지의 기업 수: 100
2024-10-28 17:45:40,069:INFO:가져온 총 기업 수: 1200
2024-10-28 17:45:40,701:INFO:현재 페이지의 기업 수: 100
2024-10-28 17:45:40,701:INFO:가져온 총 기업 수: 1300
2024-10-28 17:45:41,381:INFO:현재 페이지의 기업 수: 100
2024-10-28 17:45:41,382:INFO:가져온 총 기업 수: 1400
2024-10-28 17:45:42,008:INFO:현재 페이지의 기업 수: 100
2024-10-28 17:45:42,009:INFO:가져온 총 기업 수: 1500
2024-10-28 17:45:42,643:INFO:현재 페이지의 기업 수: 100
2024-10-28 17:45:42,644:INFO:가져온 총 기업 수: 1600
2024-10-28 17:45:43,287:INFO:현재 페이지의 기업 수: 100
2024-10-28 17:45:43,287:INFO:가져온 총 기업 수: 1700
2024-10-28 17:45:43,939:INFO:현재 페이지의 기업 수: 100
2024-10-28 17:45:43,939:INFO:가져온 총 기업 수: 1800
2024-10-28 17:45:44,581:INFO:현재 페이지의 기업 수: 100
2024-10-28 17:45:44,581:INFO:가져온 총 기업 수: 1900
2024-10-28 17:45:45,283:INFO:현재 페이지의 기업 수: 100
2024-10-28 17:45:45,283:INFO:가져온 총 기업 수: 2000
2024-10-28 17:45:45,911:INFO:현재 페이지의 기업 수: 100
2024-10-28 17:45:45,911:INFO:가져온 총 기업 수: 2100
2024-10-28 17:45:46,533:INFO:현재 페이지의 기업 수: 100
2024-10-28 17:45:46,533:INFO:가져온 총 기업 수: 2200
2024-10-28 17:45:47,167:INFO:현재 페이지의 기업 수: 100
2024-10-28 17:45:47,168:INFO:가져온 총 기업 수: 2300
2024-10-28 17:45:47,784:INFO:현재 페이지의 기업 수: 100
2024-10-28 17:45:47,784:INFO:가져온 총 기업 수: 2400
2024-10-28 17:45:48,424:INFO:현재 페이지의 기업 수: 100
2024-10-28 17:45:48,424:INFO:가져온 총 기업 수: 2500
2024-10-28 17:45:49,056:INFO:현재 페이지의 기업 수: 100
2024-10-28 17:45:49,056:INFO:가져온 총 기업 수: 2600
2024-10-28 17:45:49,702:INFO:현재 페이지의 기업 수: 100
2024-10-28 17:45:49,702:INFO:가져온 총 기업 수: 2700
2024-10-28 17:45:50,348:INFO:현재 페이지의 기업 수: 100
2024-10-28 17:45:50,348:INFO:가져온 총 기업 수: 2800
2024-10-28 17:45:50,976:INFO:현재 페이지의 기업 수: 100
2024-10-28 17:45:50,976:INFO:가져온 총 기업 수: 2900
2024-10-28 17:45:51,596:INFO:현재 페이지의 기업 수: 100
2024-10-28 17:45:51,597:INFO:가져온 총 기업 수: 3000
2024-10-28 17:45:52,259:INFO:현재 페이지의 기업 수: 100
2024-10-28 17:45:52,259:INFO:가져온 총 기업 수: 3100
2024-10-28 17:45:52,884:INFO:현재 페이지의 기업 수: 100
2024-10-28 17:45:52,884:INFO:가져온 총 기업 수: 3200
2024-10-28 17:45:53,515:INFO:현재 페이지의 기업 수: 100
2024-10-28 17:45:53,516:INFO:가져온 총 기업 수: 3300
2024-10-28 17:45:54,141:INFO:현재 페이지의 기업 수: 100
2024-10-28 17:45:54,141:INFO:가져온 총 기업 수: 3400
2024-10-28 17:45:54,780:INFO:현재 페이지의 기업 수: 100
2024-10-28 17:45:54,780:INFO:가져온 총 기업 수: 3500
2024-10-28 17:45:55,411:INFO:현재 페이지의 기업 수: 100
2024-10-28 17:45:55,411:INFO:가져온 총 기업 수: 3600
2024-10-28 17:45:56,041:INFO:현재 페이지의 기업 수: 100
2024-10-28 17:45:56,041:INFO:가져온 총 기업 수: 3700
2024-10-28 17:45:56,672:INFO:현재 페이지의 기업 수: 100
2024-10-28 17:45:56,673:INFO:가져온 총 기업 수: 3800
2024-10-28 17:45:57,320:INFO:현재 페이지의 기업 수: 100
2024-10-28 17:45:57,321:INFO:가져온 총 기업 수: 3900
2024-10-28 17:45:57,952:INFO:현재 페이지의 기업 수: 100
2024-10-28 17:45:57,953:INFO:가져온 총 기업 수: 4000
2024-10-28 17:45:58,595:INFO:현재 페이지의 기업 수: 100
2024-10-28 17:45:58,595:INFO:가져온 총 기업 수: 4100
2024-10-28 17:45:59,213:INFO:현재 페이지의 기업 수: 100
2024-10-28 17:45:59,214:INFO:가져온 총 기업 수: 4200
2024-10-28 17:45:59,868:INFO:현재 페이지의 기업 수: 100
2024-10-28 17:45:59,868:INFO:가져온 총 기업 수: 4300
2024-10-28 17:46:00,493:INFO:현재 페이지의 기업 수: 100
2024-10-28 17:46:00,493:INFO:가져온 총 기업 수: 4400
2024-10-28 17:46:01,128:INFO:현재 페이지의 기업 수: 100
2024-10-28 17:46:01,128:INFO:가져온 총 기업 수: 4500
2024-10-28 17:46:01,763:INFO:현재 페이지의 기업 수: 100
2024-10-28 17:46:01,763:INFO:가져온 총 기업 수: 4600
2024-10-28 17:46:02,400:INFO:현재 페이지의 기업 수: 100
2024-10-28 17:46:02,401:INFO:가져온 총 기업 수: 4700
2024-10-28 17:46:03,058:INFO:현재 페이지의 기업 수: 100
2024-10-28 17:46:03,058:INFO:가져온 총 기업 수: 4800
2024-10-28 17:46:03,714:INFO:현재 페이지의 기업 수: 100
2024-10-28 17:46:03,714:INFO:가져온 총 기업 수: 4900
2024-10-28 17:46:04,344:INFO:현재 페이지의 기업 수: 100
2024-10-28 17:46:04,345:INFO:가져온 총 기업 수: 5000
2024-10-28 17:46:04,994:INFO:현재 페이지의 기업 수: 100
2024-10-28 17:46:04,994:INFO:가져온 총 기업 수: 5100
2024-10-28 17:46:05,635:INFO:현재 페이지의 기업 수: 100
2024-10-28 17:46:05,636:INFO:가져온 총 기업 수: 5200
2024-10-28 17:46:06,275:INFO:현재 페이지의 기업 수: 100
2024-10-28 17:46:06,276:INFO:가져온 총 기업 수: 5300
2024-10-28 17:46:06,925:INFO:현재 페이지의 기업 수: 100
2024-10-28 17:46:06,925:INFO:가져온 총 기업 수: 5400
2024-10-28 17:46:07,570:INFO:현재 페이지의 기업 수: 100
2024-10-28 17:46:07,570:INFO:가져온 총 기업 수: 5500
2024-10-28 17:46:08,200:INFO:현재 페이지의 기업 수: 100
2024-10-28 17:46:08,200:INFO:가져온 총 기업 수: 5600
2024-10-28 17:46:08,837:INFO:현재 페이지의 기업 수: 100
2024-10-28 17:46:08,837:INFO:가져온 총 기업 수: 5700
2024-10-28 17:46:09,476:INFO:현재 페이지의 기업 수: 100
2024-10-28 17:46:09,476:INFO:가져온 총 기업 수: 5800
2024-10-28 17:46:10,129:INFO:현재 페이지의 기업 수: 100
2024-10-28 17:46:10,129:INFO:가져온 총 기업 수: 5900
2024-10-28 17:46:10,784:INFO:현재 페이지의 기업 수: 100
2024-10-28 17:46:10,784:INFO:가져온 총 기업 수: 6000
2024-10-28 17:46:11,423:INFO:현재 페이지의 기업 수: 100
2024-10-28 17:46:11,424:INFO:가져온 총 기업 수: 6100
2024-10-28 17:46:12,057:INFO:현재 페이지의 기업 수: 100
2024-10-28 17:46:12,057:INFO:가져온 총 기업 수: 6200
2024-10-28 17:46:12,732:INFO:현재 페이지의 기업 수: 100
2024-10-28 17:46:12,733:INFO:가져온 총 기업 수: 6300
2024-10-28 17:46:13,369:INFO:현재 페이지의 기업 수: 100
2024-10-28 17:46:13,369:INFO:가져온 총 기업 수: 6400
2024-10-28 17:46:14,008:INFO:현재 페이지의 기업 수: 100
2024-10-28 17:46:14,009:INFO:가져온 총 기업 수: 6500
2024-10-28 17:46:14,695:INFO:현재 페이지의 기업 수: 100
2024-10-28 17:46:14,695:INFO:가져온 총 기업 수: 6600
2024-10-28 17:46:15,319:INFO:현재 페이지의 기업 수: 100
2024-10-28 17:46:15,319:INFO:가져온 총 기업 수: 6700
2024-10-28 17:46:15,975:INFO:현재 페이지의 기업 수: 100
2024-10-28 17:46:15,975:INFO:가져온 총 기업 수: 6800
2024-10-28 17:46:16,614:INFO:현재 페이지의 기업 수: 100
2024-10-28 17:46:16,614:INFO:가져온 총 기업 수: 6900
2024-10-28 17:46:17,254:INFO:현재 페이지의 기업 수: 100
2024-10-28 17:46:17,254:INFO:가져온 총 기업 수: 7000
2024-10-28 17:46:17,890:INFO:현재 페이지의 기업 수: 100
2024-10-28 17:46:17,890:INFO:가져온 총 기업 수: 7100
2024-10-28 17:46:18,520:INFO:현재 페이지의 기업 수: 100
2024-10-28 17:46:18,520:INFO:가져온 총 기업 수: 7200
2024-10-28 17:46:19,151:INFO:현재 페이지의 기업 수: 100
2024-10-28 17:46:19,152:INFO:가져온 총 기업 수: 7300
2024-10-28 17:46:19,773:INFO:현재 페이지의 기업 수: 100
2024-10-28 17:46:19,774:INFO:가져온 총 기업 수: 7400
2024-10-28 17:46:20,409:INFO:현재 페이지의 기업 수: 100
2024-10-28 17:46:20,410:INFO:가져온 총 기업 수: 7500
2024-10-28 17:46:21,047:INFO:현재 페이지의 기업 수: 100
2024-10-28 17:46:21,048:INFO:가져온 총 기업 수: 7600
2024-10-28 17:46:21,685:INFO:현재 페이지의 기업 수: 100
2024-10-28 17:46:21,685:INFO:가져온 총 기업 수: 7700
2024-10-28 17:46:22,308:INFO:현재 페이지의 기업 수: 100
2024-10-28 17:46:22,309:INFO:가져온 총 기업 수: 7800
2024-10-28 17:46:22,929:INFO:현재 페이지의 기업 수: 100
2024-10-28 17:46:22,929:INFO:가져온 총 기업 수: 7900
2024-10-28 17:46:23,556:INFO:현재 페이지의 기업 수: 100
2024-10-28 17:46:23,556:INFO:가져온 총 기업 수: 8000
2024-10-28 17:46:24,184:INFO:현재 페이지의 기업 수: 100
2024-10-28 17:46:24,184:INFO:가져온 총 기업 수: 8100
2024-10-28 17:46:24,804:INFO:현재 페이지의 기업 수: 100
2024-10-28 17:46:24,805:INFO:가져온 총 기업 수: 8200
2024-10-28 17:46:25,448:INFO:현재 페이지의 기업 수: 100
2024-10-28 17:46:25,448:INFO:가져온 총 기업 수: 8300
2024-10-28 17:46:26,651:INFO:현재 페이지의 기업 수: 100
2024-10-28 17:46:26,652:INFO:가져온 총 기업 수: 8400
2024-10-28 17:46:27,301:INFO:현재 페이지의 기업 수: 100
2024-10-28 17:46:27,301:INFO:가져온 총 기업 수: 8500
2024-10-28 17:46:27,963:INFO:현재 페이지의 기업 수: 100
2024-10-28 17:46:27,963:INFO:가져온 총 기업 수: 8600
2024-10-28 17:46:28,601:INFO:현재 페이지의 기업 수: 100
2024-10-28 17:46:28,601:INFO:가져온 총 기업 수: 8700
2024-10-28 17:46:29,307:INFO:현재 페이지의 기업 수: 100
2024-10-28 17:46:29,308:INFO:가져온 총 기업 수: 8800
2024-10-28 17:46:29,941:INFO:현재 페이지의 기업 수: 100
2024-10-28 17:46:29,942:INFO:가져온 총 기업 수: 8900
2024-10-28 17:46:30,576:INFO:현재 페이지의 기업 수: 100
2024-10-28 17:46:30,577:INFO:가져온 총 기업 수: 9000
2024-10-28 17:46:31,236:INFO:현재 페이지의 기업 수: 100
2024-10-28 17:46:31,237:INFO:가져온 총 기업 수: 9100
2024-10-28 17:46:31,877:INFO:현재 페이지의 기업 수: 100
2024-10-28 17:46:31,877:INFO:가져온 총 기업 수: 9200
2024-10-28 17:46:32,501:INFO:현재 페이지의 기업 수: 100
2024-10-28 17:46:32,502:INFO:가져온 총 기업 수: 9300
2024-10-28 17:46:33,187:INFO:현재 페이지의 기업 수: 100
2024-10-28 17:46:33,188:INFO:가져온 총 기업 수: 9400
2024-10-28 17:46:33,828:INFO:현재 페이지의 기업 수: 100
2024-10-28 17:46:33,828:INFO:가져온 총 기업 수: 9500
2024-10-28 17:46:34,474:INFO:현재 페이지의 기업 수: 100
2024-10-28 17:46:34,475:INFO:가져온 총 기업 수: 9600
2024-10-28 17:46:35,154:INFO:현재 페이지의 기업 수: 100
2024-10-28 17:46:35,154:INFO:가져온 총 기업 수: 9700
2024-10-28 17:46:35,790:INFO:현재 페이지의 기업 수: 100
2024-10-28 17:46:35,790:INFO:가져온 총 기업 수: 9800
2024-10-28 17:46:36,429:INFO:현재 페이지의 기업 수: 100
2024-10-28 17:46:36,429:INFO:가져온 총 기업 수: 9900
2024-10-28 17:46:37,100:INFO:현재 페이지의 기업 수: 100
2024-10-28 17:46:37,100:INFO:가져온 총 기업 수: 10000
2024-10-28 17:46:37,740:INFO:현재 페이지의 기업 수: 100
2024-10-28 17:46:37,740:INFO:가져온 총 기업 수: 10100
2024-10-28 17:46:38,371:INFO:현재 페이지의 기업 수: 100
2024-10-28 17:46:38,371:INFO:가져온 총 기업 수: 10200
2024-10-28 17:46:39,060:INFO:현재 페이지의 기업 수: 100
2024-10-28 17:46:39,060:INFO:가져온 총 기업 수: 10300
2024-10-28 17:46:39,682:INFO:현재 페이지의 기업 수: 100
2024-10-28 17:46:39,683:INFO:가져온 총 기업 수: 10400
2024-10-28 17:46:40,307:INFO:현재 페이지의 기업 수: 100
2024-10-28 17:46:40,308:INFO:가져온 총 기업 수: 10500
2024-10-28 17:46:40,935:INFO:현재 페이지의 기업 수: 100
2024-10-28 17:46:40,935:INFO:가져온 총 기업 수: 10600
2024-10-28 17:46:41,562:INFO:현재 페이지의 기업 수: 100
2024-10-28 17:46:41,562:INFO:가져온 총 기업 수: 10700
2024-10-28 17:46:42,183:INFO:현재 페이지의 기업 수: 100
2024-10-28 17:46:42,183:INFO:가져온 총 기업 수: 10800
2024-10-28 17:46:42,882:INFO:현재 페이지의 기업 수: 100
2024-10-28 17:46:42,882:INFO:가져온 총 기업 수: 10900
2024-10-28 17:46:43,526:INFO:현재 페이지의 기업 수: 100
2024-10-28 17:46:43,526:INFO:가져온 총 기업 수: 11000
2024-10-28 17:46:44,171:INFO:현재 페이지의 기업 수: 100
2024-10-28 17:46:44,171:INFO:가져온 총 기업 수: 11100
2024-10-28 17:46:44,895:INFO:현재 페이지의 기업 수: 100
2024-10-28 17:46:44,896:INFO:가져온 총 기업 수: 11200
2024-10-28 17:46:45,563:INFO:현재 페이지의 기업 수: 100
2024-10-28 17:46:45,563:INFO:가져온 총 기업 수: 11300
2024-10-28 17:46:46,214:INFO:현재 페이지의 기업 수: 100
2024-10-28 17:46:46,214:INFO:가져온 총 기업 수: 11400
2024-10-28 17:46:46,884:INFO:현재 페이지의 기업 수: 100
2024-10-28 17:46:46,884:INFO:가져온 총 기업 수: 11500
2024-10-28 17:46:47,523:INFO:현재 페이지의 기업 수: 100
2024-10-28 17:46:47,524:INFO:가져온 총 기업 수: 11600
2024-10-28 17:46:48,167:INFO:현재 페이지의 기업 수: 100
2024-10-28 17:46:48,167:INFO:가져온 총 기업 수: 11700
2024-10-28 17:46:48,809:INFO:현재 페이지의 기업 수: 100
2024-10-28 17:46:48,810:INFO:가져온 총 기업 수: 11800
2024-10-28 17:46:49,429:INFO:현재 페이지의 기업 수: 100
2024-10-28 17:46:49,429:INFO:가져온 총 기업 수: 11900
2024-10-28 17:46:50,114:INFO:현재 페이지의 기업 수: 100
2024-10-28 17:46:50,114:INFO:가져온 총 기업 수: 12000
2024-10-28 17:46:50,763:INFO:현재 페이지의 기업 수: 100
2024-10-28 17:46:50,763:INFO:가져온 총 기업 수: 12100
2024-10-28 17:46:51,408:INFO:현재 페이지의 기업 수: 100
2024-10-28 17:46:51,408:INFO:가져온 총 기업 수: 12200
2024-10-28 17:46:52,050:INFO:현재 페이지의 기업 수: 100
2024-10-28 17:46:52,050:INFO:가져온 총 기업 수: 12300
2024-10-28 17:46:52,712:INFO:현재 페이지의 기업 수: 100
2024-10-28 17:46:52,712:INFO:가져온 총 기업 수: 12400
2024-10-28 17:46:53,336:INFO:현재 페이지의 기업 수: 100
2024-10-28 17:46:53,336:INFO:가져온 총 기업 수: 12500
2024-10-28 17:46:53,957:INFO:현재 페이지의 기업 수: 100
2024-10-28 17:46:53,957:INFO:가져온 총 기업 수: 12600
2024-10-28 17:46:54,804:INFO:현재 페이지의 기업 수: 100
2024-10-28 17:46:54,804:INFO:가져온 총 기업 수: 12700
2024-10-28 17:46:55,989:INFO:현재 페이지의 기업 수: 100
2024-10-28 17:46:55,990:INFO:가져온 총 기업 수: 12800
2024-10-28 17:46:56,646:INFO:현재 페이지의 기업 수: 100
2024-10-28 17:46:56,646:INFO:가져온 총 기업 수: 12900
2024-10-28 17:46:57,282:INFO:현재 페이지의 기업 수: 100
2024-10-28 17:46:57,282:INFO:가져온 총 기업 수: 13000
2024-10-28 17:46:57,915:INFO:현재 페이지의 기업 수: 100
2024-10-28 17:46:57,915:INFO:가져온 총 기업 수: 13100
2024-10-28 17:46:58,551:INFO:현재 페이지의 기업 수: 100
2024-10-28 17:46:58,551:INFO:가져온 총 기업 수: 13200
2024-10-28 17:46:59,201:INFO:현재 페이지의 기업 수: 100
2024-10-28 17:46:59,202:INFO:가져온 총 기업 수: 13300
2024-10-28 17:46:59,825:INFO:현재 페이지의 기업 수: 100
2024-10-28 17:46:59,825:INFO:가져온 총 기업 수: 13400
2024-10-28 17:47:00,461:INFO:현재 페이지의 기업 수: 100
2024-10-28 17:47:00,462:INFO:가져온 총 기업 수: 13500
2024-10-28 17:47:01,113:INFO:현재 페이지의 기업 수: 100
2024-10-28 17:47:01,113:INFO:가져온 총 기업 수: 13600
2024-10-28 17:47:01,737:INFO:현재 페이지의 기업 수: 100
2024-10-28 17:47:01,737:INFO:가져온 총 기업 수: 13700
2024-10-28 17:47:02,369:INFO:현재 페이지의 기업 수: 100
2024-10-28 17:47:02,369:INFO:가져온 총 기업 수: 13800
2024-10-28 17:47:03,013:INFO:현재 페이지의 기업 수: 100
2024-10-28 17:47:03,013:INFO:가져온 총 기업 수: 13900
2024-10-28 17:47:03,638:INFO:현재 페이지의 기업 수: 100
2024-10-28 17:47:03,638:INFO:가져온 총 기업 수: 14000
2024-10-28 17:47:04,272:INFO:현재 페이지의 기업 수: 100
2024-10-28 17:47:04,272:INFO:가져온 총 기업 수: 14100
2024-10-28 17:47:04,922:INFO:현재 페이지의 기업 수: 100
2024-10-28 17:47:04,922:INFO:가져온 총 기업 수: 14200
2024-10-28 17:47:05,567:INFO:현재 페이지의 기업 수: 100
2024-10-28 17:47:05,568:INFO:가져온 총 기업 수: 14300
2024-10-28 17:47:06,190:INFO:현재 페이지의 기업 수: 100
2024-10-28 17:47:06,190:INFO:가져온 총 기업 수: 14400
2024-10-28 17:47:06,860:INFO:현재 페이지의 기업 수: 100
2024-10-28 17:47:06,861:INFO:가져온 총 기업 수: 14500
2024-10-28 17:47:07,496:INFO:현재 페이지의 기업 수: 100
2024-10-28 17:47:07,497:INFO:가져온 총 기업 수: 14600
2024-10-28 17:47:08,158:INFO:현재 페이지의 기업 수: 100
2024-10-28 17:47:08,158:INFO:가져온 총 기업 수: 14700
2024-10-28 17:47:08,815:INFO:현재 페이지의 기업 수: 100
2024-10-28 17:47:08,816:INFO:가져온 총 기업 수: 14800
2024-10-28 17:47:09,454:INFO:현재 페이지의 기업 수: 100
2024-10-28 17:47:09,454:INFO:가져온 총 기업 수: 14900
2024-10-28 17:47:10,080:INFO:현재 페이지의 기업 수: 100
2024-10-28 17:47:10,080:INFO:가져온 총 기업 수: 15000
2024-10-28 17:47:10,710:INFO:현재 페이지의 기업 수: 100
2024-10-28 17:47:10,710:INFO:가져온 총 기업 수: 15100
2024-10-28 17:47:11,352:INFO:현재 페이지의 기업 수: 100
2024-10-28 17:47:11,352:INFO:가져온 총 기업 수: 15200
2024-10-28 17:47:11,988:INFO:현재 페이지의 기업 수: 100
2024-10-28 17:47:11,988:INFO:가져온 총 기업 수: 15300
2024-10-28 17:47:12,619:INFO:현재 페이지의 기업 수: 100
2024-10-28 17:47:12,619:INFO:가져온 총 기업 수: 15400
2024-10-28 17:47:13,246:INFO:현재 페이지의 기업 수: 100
2024-10-28 17:47:13,247:INFO:가져온 총 기업 수: 15500
2024-10-28 17:47:13,879:INFO:현재 페이지의 기업 수: 100
2024-10-28 17:47:13,880:INFO:가져온 총 기업 수: 15600
2024-10-28 17:47:14,509:INFO:현재 페이지의 기업 수: 100
2024-10-28 17:47:14,509:INFO:가져온 총 기업 수: 15700
2024-10-28 17:47:15,170:INFO:현재 페이지의 기업 수: 100
2024-10-28 17:47:15,171:INFO:가져온 총 기업 수: 15800
2024-10-28 17:47:15,813:INFO:현재 페이지의 기업 수: 100
2024-10-28 17:47:15,813:INFO:가져온 총 기업 수: 15900
2024-10-28 17:47:16,463:INFO:현재 페이지의 기업 수: 100
2024-10-28 17:47:16,464:INFO:가져온 총 기업 수: 16000
2024-10-28 17:47:17,098:INFO:현재 페이지의 기업 수: 100
2024-10-28 17:47:17,098:INFO:가져온 총 기업 수: 16100
2024-10-28 17:47:17,745:INFO:현재 페이지의 기업 수: 100
2024-10-28 17:47:17,745:INFO:가져온 총 기업 수: 16200
2024-10-28 17:47:18,391:INFO:현재 페이지의 기업 수: 100
2024-10-28 17:47:18,392:INFO:가져온 총 기업 수: 16300
2024-10-28 17:47:19,067:INFO:현재 페이지의 기업 수: 100
2024-10-28 17:47:19,068:INFO:가져온 총 기업 수: 16400
2024-10-28 17:47:19,707:INFO:현재 페이지의 기업 수: 100
2024-10-28 17:47:19,707:INFO:가져온 총 기업 수: 16500
2024-10-28 17:47:20,356:INFO:현재 페이지의 기업 수: 100
2024-10-28 17:47:20,356:INFO:가져온 총 기업 수: 16600
2024-10-28 17:47:20,988:INFO:현재 페이지의 기업 수: 100
2024-10-28 17:47:20,989:INFO:가져온 총 기업 수: 16700
2024-10-28 17:47:21,617:INFO:현재 페이지의 기업 수: 100
2024-10-28 17:47:21,618:INFO:가져온 총 기업 수: 16800
2024-10-28 17:47:22,253:INFO:현재 페이지의 기업 수: 100
2024-10-28 17:47:22,254:INFO:가져온 총 기업 수: 16900
2024-10-28 17:47:22,935:INFO:현재 페이지의 기업 수: 100
2024-10-28 17:47:22,935:INFO:가져온 총 기업 수: 17000
2024-10-28 17:47:23,567:INFO:현재 페이지의 기업 수: 100
2024-10-28 17:47:23,568:INFO:가져온 총 기업 수: 17100
2024-10-28 17:47:24,211:INFO:현재 페이지의 기업 수: 100
2024-10-28 17:47:24,211:INFO:가져온 총 기업 수: 17200
2024-10-28 17:47:24,911:INFO:현재 페이지의 기업 수: 100
2024-10-28 17:47:24,911:INFO:가져온 총 기업 수: 17300
2024-10-28 17:47:25,545:INFO:현재 페이지의 기업 수: 100
2024-10-28 17:47:25,545:INFO:가져온 총 기업 수: 17400
2024-10-28 17:47:26,169:INFO:현재 페이지의 기업 수: 100
2024-10-28 17:47:26,169:INFO:가져온 총 기업 수: 17500
2024-10-28 17:47:26,883:INFO:현재 페이지의 기업 수: 100
2024-10-28 17:47:26,883:INFO:가져온 총 기업 수: 17600
2024-10-28 17:47:27,521:INFO:현재 페이지의 기업 수: 100
2024-10-28 17:47:27,521:INFO:가져온 총 기업 수: 17700
2024-10-28 17:47:28,177:INFO:현재 페이지의 기업 수: 100
2024-10-28 17:47:28,178:INFO:가져온 총 기업 수: 17800
2024-10-28 17:47:28,813:INFO:현재 페이지의 기업 수: 100
2024-10-28 17:47:28,814:INFO:가져온 총 기업 수: 17900
2024-10-28 17:47:29,455:INFO:현재 페이지의 기업 수: 100
2024-10-28 17:47:29,455:INFO:가져온 총 기업 수: 18000
2024-10-28 17:47:30,092:INFO:현재 페이지의 기업 수: 100
2024-10-28 17:47:30,092:INFO:가져온 총 기업 수: 18100
2024-10-28 17:47:30,780:INFO:현재 페이지의 기업 수: 100
2024-10-28 17:47:30,780:INFO:가져온 총 기업 수: 18200
2024-10-28 17:47:31,446:INFO:현재 페이지의 기업 수: 100
2024-10-28 17:47:31,446:INFO:가져온 총 기업 수: 18300
2024-10-28 17:47:32,072:INFO:현재 페이지의 기업 수: 100
2024-10-28 17:47:32,072:INFO:가져온 총 기업 수: 18400
2024-10-28 17:47:32,708:INFO:현재 페이지의 기업 수: 100
2024-10-28 17:47:32,708:INFO:가져온 총 기업 수: 18500
2024-10-28 17:47:33,331:INFO:현재 페이지의 기업 수: 100
2024-10-28 17:47:33,331:INFO:가져온 총 기업 수: 18600
2024-10-28 17:47:33,968:INFO:현재 페이지의 기업 수: 100
2024-10-28 17:47:33,968:INFO:가져온 총 기업 수: 18700
2024-10-28 17:47:34,595:INFO:현재 페이지의 기업 수: 100
2024-10-28 17:47:34,595:INFO:가져온 총 기업 수: 18800
2024-10-28 17:47:35,224:INFO:현재 페이지의 기업 수: 100
2024-10-28 17:47:35,225:INFO:가져온 총 기업 수: 18900
2024-10-28 17:47:35,850:INFO:현재 페이지의 기업 수: 100
2024-10-28 17:47:35,850:INFO:가져온 총 기업 수: 19000
2024-10-28 17:47:36,483:INFO:현재 페이지의 기업 수: 100
2024-10-28 17:47:36,484:INFO:가져온 총 기업 수: 19100
2024-10-28 17:47:37,112:INFO:현재 페이지의 기업 수: 100
2024-10-28 17:47:37,112:INFO:가져온 총 기업 수: 19200
2024-10-28 17:47:37,739:INFO:현재 페이지의 기업 수: 100
2024-10-28 17:47:37,739:INFO:가져온 총 기업 수: 19300
2024-10-28 17:47:38,364:INFO:현재 페이지의 기업 수: 100
2024-10-28 17:47:38,364:INFO:가져온 총 기업 수: 19400
2024-10-28 17:47:38,995:INFO:현재 페이지의 기업 수: 100
2024-10-28 17:47:38,996:INFO:가져온 총 기업 수: 19500
2024-10-28 17:47:39,622:INFO:현재 페이지의 기업 수: 100
2024-10-28 17:47:39,622:INFO:가져온 총 기업 수: 19600
2024-10-28 17:47:40,263:INFO:현재 페이지의 기업 수: 100
2024-10-28 17:47:40,263:INFO:가져온 총 기업 수: 19700
2024-10-28 17:47:40,894:INFO:현재 페이지의 기업 수: 100
2024-10-28 17:47:40,894:INFO:가져온 총 기업 수: 19800
2024-10-28 17:47:41,537:INFO:현재 페이지의 기업 수: 100
2024-10-28 17:47:41,538:INFO:가져온 총 기업 수: 19900
2024-10-28 17:47:42,171:INFO:현재 페이지의 기업 수: 100
2024-10-28 17:47:42,171:INFO:가져온 총 기업 수: 20000
2024-10-28 17:47:42,809:INFO:현재 페이지의 기업 수: 100
2024-10-28 17:47:42,809:INFO:가져온 총 기업 수: 20100
2024-10-28 17:47:43,465:INFO:현재 페이지의 기업 수: 100
2024-10-28 17:47:43,465:INFO:가져온 총 기업 수: 20200
2024-10-28 17:47:44,103:INFO:현재 페이지의 기업 수: 100
2024-10-28 17:47:44,104:INFO:가져온 총 기업 수: 20300
2024-10-28 17:47:44,741:INFO:현재 페이지의 기업 수: 100
2024-10-28 17:47:44,741:INFO:가져온 총 기업 수: 20400
2024-10-28 17:47:45,384:INFO:현재 페이지의 기업 수: 100
2024-10-28 17:47:45,384:INFO:가져온 총 기업 수: 20500
2024-10-28 17:47:46,007:INFO:현재 페이지의 기업 수: 100
2024-10-28 17:47:46,008:INFO:가져온 총 기업 수: 20600
2024-10-28 17:47:46,633:INFO:현재 페이지의 기업 수: 100
2024-10-28 17:47:46,633:INFO:가져온 총 기업 수: 20700
2024-10-28 17:47:47,301:INFO:현재 페이지의 기업 수: 100
2024-10-28 17:47:47,301:INFO:가져온 총 기업 수: 20800
2024-10-28 17:47:47,926:INFO:현재 페이지의 기업 수: 100
2024-10-28 17:47:47,926:INFO:가져온 총 기업 수: 20900
2024-10-28 17:47:48,565:INFO:현재 페이지의 기업 수: 100
2024-10-28 17:47:48,566:INFO:가져온 총 기업 수: 21000
2024-10-28 17:47:49,212:INFO:현재 페이지의 기업 수: 100
2024-10-28 17:47:49,212:INFO:가져온 총 기업 수: 21100
2024-10-28 17:47:49,845:INFO:현재 페이지의 기업 수: 100
2024-10-28 17:47:49,845:INFO:가져온 총 기업 수: 21200
2024-10-28 17:47:50,484:INFO:현재 페이지의 기업 수: 100
2024-10-28 17:47:50,485:INFO:가져온 총 기업 수: 21300
2024-10-28 17:47:51,144:INFO:현재 페이지의 기업 수: 100
2024-10-28 17:47:51,144:INFO:가져온 총 기업 수: 21400
2024-10-28 17:47:51,786:INFO:현재 페이지의 기업 수: 100
2024-10-28 17:47:51,786:INFO:가져온 총 기업 수: 21500
2024-10-28 17:47:52,416:INFO:현재 페이지의 기업 수: 100
2024-10-28 17:47:52,416:INFO:가져온 총 기업 수: 21600
2024-10-28 17:47:53,075:INFO:현재 페이지의 기업 수: 100
2024-10-28 17:47:53,075:INFO:가져온 총 기업 수: 21700
2024-10-28 17:47:53,703:INFO:현재 페이지의 기업 수: 100
2024-10-28 17:47:53,704:INFO:가져온 총 기업 수: 21800
2024-10-28 17:47:54,351:INFO:현재 페이지의 기업 수: 100
2024-10-28 17:47:54,352:INFO:가져온 총 기업 수: 21900
2024-10-28 17:47:55,051:INFO:현재 페이지의 기업 수: 100
2024-10-28 17:47:55,052:INFO:가져온 총 기업 수: 22000
2024-10-28 17:47:55,696:INFO:현재 페이지의 기업 수: 100
2024-10-28 17:47:55,696:INFO:가져온 총 기업 수: 22100
2024-10-28 17:47:56,338:INFO:현재 페이지의 기업 수: 100
2024-10-28 17:47:56,338:INFO:가져온 총 기업 수: 22200
2024-10-28 17:47:56,966:INFO:현재 페이지의 기업 수: 100
2024-10-28 17:47:56,966:INFO:가져온 총 기업 수: 22300
2024-10-28 17:47:57,591:INFO:현재 페이지의 기업 수: 100
2024-10-28 17:47:57,591:INFO:가져온 총 기업 수: 22400
2024-10-28 17:47:58,203:INFO:현재 페이지의 기업 수: 100
2024-10-28 17:47:58,203:INFO:가져온 총 기업 수: 22500
2024-10-28 17:47:58,914:INFO:현재 페이지의 기업 수: 100
2024-10-28 17:47:58,914:INFO:가져온 총 기업 수: 22600
2024-10-28 17:47:59,535:INFO:현재 페이지의 기업 수: 100
2024-10-28 17:47:59,536:INFO:가져온 총 기업 수: 22700
2024-10-28 17:48:00,168:INFO:현재 페이지의 기업 수: 100
2024-10-28 17:48:00,168:INFO:가져온 총 기업 수: 22800
2024-10-28 17:48:00,873:INFO:현재 페이지의 기업 수: 100
2024-10-28 17:48:00,874:INFO:가져온 총 기업 수: 22900
2024-10-28 17:48:01,490:INFO:현재 페이지의 기업 수: 100
2024-10-28 17:48:01,490:INFO:가져온 총 기업 수: 23000
2024-10-28 17:48:02,124:INFO:현재 페이지의 기업 수: 100
2024-10-28 17:48:02,124:INFO:가져온 총 기업 수: 23100
2024-10-28 17:48:02,769:INFO:현재 페이지의 기업 수: 100
2024-10-28 17:48:02,769:INFO:가져온 총 기업 수: 23200
2024-10-28 17:48:03,392:INFO:현재 페이지의 기업 수: 100
2024-10-28 17:48:03,393:INFO:가져온 총 기업 수: 23300
2024-10-28 17:48:04,027:INFO:현재 페이지의 기업 수: 100
2024-10-28 17:48:04,027:INFO:가져온 총 기업 수: 23400
2024-10-28 17:48:04,736:INFO:현재 페이지의 기업 수: 100
2024-10-28 17:48:04,737:INFO:가져온 총 기업 수: 23500
2024-10-28 17:48:05,370:INFO:현재 페이지의 기업 수: 100
2024-10-28 17:48:05,370:INFO:가져온 총 기업 수: 23600
2024-10-28 17:48:06,008:INFO:현재 페이지의 기업 수: 100
2024-10-28 17:48:06,008:INFO:가져온 총 기업 수: 23700
2024-10-28 17:48:06,665:INFO:현재 페이지의 기업 수: 100
2024-10-28 17:48:06,665:INFO:가져온 총 기업 수: 23800
2024-10-28 17:48:07,336:INFO:현재 페이지의 기업 수: 100
2024-10-28 17:48:07,337:INFO:가져온 총 기업 수: 23900
2024-10-28 17:48:07,965:INFO:현재 페이지의 기업 수: 100
2024-10-28 17:48:07,965:INFO:가져온 총 기업 수: 24000
2024-10-28 17:48:08,644:INFO:현재 페이지의 기업 수: 100
2024-10-28 17:48:08,645:INFO:가져온 총 기업 수: 24100
2024-10-28 17:48:09,282:INFO:현재 페이지의 기업 수: 100
2024-10-28 17:48:09,283:INFO:가져온 총 기업 수: 24200
2024-10-28 17:48:09,915:INFO:현재 페이지의 기업 수: 100
2024-10-28 17:48:09,915:INFO:가져온 총 기업 수: 24300
2024-10-28 17:48:10,622:INFO:현재 페이지의 기업 수: 100
2024-10-28 17:48:10,622:INFO:가져온 총 기업 수: 24400
2024-10-28 17:48:11,264:INFO:현재 페이지의 기업 수: 100
2024-10-28 17:48:11,264:INFO:가져온 총 기업 수: 24500
2024-10-28 17:48:11,895:INFO:현재 페이지의 기업 수: 100
2024-10-28 17:48:11,896:INFO:가져온 총 기업 수: 24600
2024-10-28 17:48:12,527:INFO:현재 페이지의 기업 수: 100
2024-10-28 17:48:12,527:INFO:가져온 총 기업 수: 24700
2024-10-28 17:48:13,153:INFO:현재 페이지의 기업 수: 100
2024-10-28 17:48:13,154:INFO:가져온 총 기업 수: 24800
2024-10-28 17:48:13,800:INFO:현재 페이지의 기업 수: 100
2024-10-28 17:48:13,800:INFO:가져온 총 기업 수: 24900
2024-10-28 17:48:14,437:INFO:현재 페이지의 기업 수: 100
2024-10-28 17:48:14,437:INFO:가져온 총 기업 수: 25000
2024-10-28 17:48:15,084:INFO:현재 페이지의 기업 수: 100
2024-10-28 17:48:15,085:INFO:가져온 총 기업 수: 25100
2024-10-28 17:48:15,712:INFO:현재 페이지의 기업 수: 100
2024-10-28 17:48:15,713:INFO:가져온 총 기업 수: 25200
2024-10-28 17:48:16,339:INFO:현재 페이지의 기업 수: 100
2024-10-28 17:48:16,339:INFO:가져온 총 기업 수: 25300
2024-10-28 17:48:16,976:INFO:현재 페이지의 기업 수: 100
2024-10-28 17:48:16,976:INFO:가져온 총 기업 수: 25400
2024-10-28 17:48:17,594:INFO:현재 페이지의 기업 수: 100
2024-10-28 17:48:17,594:INFO:가져온 총 기업 수: 25500
2024-10-28 17:48:18,210:INFO:현재 페이지의 기업 수: 100
2024-10-28 17:48:18,210:INFO:가져온 총 기업 수: 25600
2024-10-28 17:48:18,868:INFO:현재 페이지의 기업 수: 100
2024-10-28 17:48:18,868:INFO:가져온 총 기업 수: 25700
2024-10-28 17:48:19,516:INFO:현재 페이지의 기업 수: 100
2024-10-28 17:48:19,516:INFO:가져온 총 기업 수: 25800
2024-10-28 17:48:20,145:INFO:현재 페이지의 기업 수: 100
2024-10-28 17:48:20,145:INFO:가져온 총 기업 수: 25900
2024-10-28 17:48:20,818:INFO:현재 페이지의 기업 수: 100
2024-10-28 17:48:20,819:INFO:가져온 총 기업 수: 26000
2024-10-28 17:48:21,487:INFO:현재 페이지의 기업 수: 100
2024-10-28 17:48:21,487:INFO:가져온 총 기업 수: 26100
2024-10-28 17:48:22,123:INFO:현재 페이지의 기업 수: 100
2024-10-28 17:48:22,124:INFO:가져온 총 기업 수: 26200
2024-10-28 17:48:22,769:INFO:현재 페이지의 기업 수: 100
2024-10-28 17:48:22,769:INFO:가져온 총 기업 수: 26300
2024-10-28 17:48:23,410:INFO:현재 페이지의 기업 수: 100
2024-10-28 17:48:23,411:INFO:가져온 총 기업 수: 26400
2024-10-28 17:48:24,041:INFO:현재 페이지의 기업 수: 100
2024-10-28 17:48:24,041:INFO:가져온 총 기업 수: 26500
2024-10-28 17:48:24,666:INFO:현재 페이지의 기업 수: 100
2024-10-28 17:48:24,666:INFO:가져온 총 기업 수: 26600
2024-10-28 17:48:25,313:INFO:현재 페이지의 기업 수: 100
2024-10-28 17:48:25,313:INFO:가져온 총 기업 수: 26700
2024-10-28 17:48:25,947:INFO:현재 페이지의 기업 수: 100
2024-10-28 17:48:25,947:INFO:가져온 총 기업 수: 26800
2024-10-28 17:48:26,584:INFO:현재 페이지의 기업 수: 100
2024-10-28 17:48:26,584:INFO:가져온 총 기업 수: 26900
2024-10-28 17:48:27,286:INFO:현재 페이지의 기업 수: 100
2024-10-28 17:48:27,287:INFO:가져온 총 기업 수: 27000
2024-10-28 17:48:27,914:INFO:현재 페이지의 기업 수: 100
2024-10-28 17:48:27,914:INFO:가져온 총 기업 수: 27100
2024-10-28 17:48:28,541:INFO:현재 페이지의 기업 수: 100
2024-10-28 17:48:28,541:INFO:가져온 총 기업 수: 27200
2024-10-28 17:48:29,242:INFO:현재 페이지의 기업 수: 100
2024-10-28 17:48:29,242:INFO:가져온 총 기업 수: 27300
2024-10-28 17:48:29,889:INFO:현재 페이지의 기업 수: 100
2024-10-28 17:48:29,889:INFO:가져온 총 기업 수: 27400
2024-10-28 17:48:30,539:INFO:현재 페이지의 기업 수: 100
2024-10-28 17:48:30,539:INFO:가져온 총 기업 수: 27500
2024-10-28 17:48:31,246:INFO:현재 페이지의 기업 수: 100
2024-10-28 17:48:31,246:INFO:가져온 총 기업 수: 27600
2024-10-28 17:48:31,883:INFO:현재 페이지의 기업 수: 100
2024-10-28 17:48:31,884:INFO:가져온 총 기업 수: 27700
2024-10-28 17:48:32,517:INFO:현재 페이지의 기업 수: 100
2024-10-28 17:48:32,518:INFO:가져온 총 기업 수: 27800
2024-10-28 17:48:33,172:INFO:현재 페이지의 기업 수: 100
2024-10-28 17:48:33,172:INFO:가져온 총 기업 수: 27900
2024-10-28 17:48:33,829:INFO:현재 페이지의 기업 수: 100
2024-10-28 17:48:33,829:INFO:가져온 총 기업 수: 28000
2024-10-28 17:48:34,472:INFO:현재 페이지의 기업 수: 100
2024-10-28 17:48:34,472:INFO:가져온 총 기업 수: 28100
2024-10-28 17:48:35,136:INFO:현재 페이지의 기업 수: 100
2024-10-28 17:48:35,137:INFO:가져온 총 기업 수: 28200
2024-10-28 17:48:35,750:INFO:현재 페이지의 기업 수: 100
2024-10-28 17:48:35,750:INFO:가져온 총 기업 수: 28300
2024-10-28 17:48:36,519:INFO:현재 페이지의 기업 수: 100
2024-10-28 17:48:36,519:INFO:가져온 총 기업 수: 28400
2024-10-28 17:48:37,145:INFO:현재 페이지의 기업 수: 100
2024-10-28 17:48:37,145:INFO:가져온 총 기업 수: 28500
2024-10-28 17:48:37,769:INFO:현재 페이지의 기업 수: 100
2024-10-28 17:48:37,769:INFO:가져온 총 기업 수: 28600
2024-10-28 17:48:38,394:INFO:현재 페이지의 기업 수: 100
2024-10-28 17:48:38,394:INFO:가져온 총 기업 수: 28700
2024-10-28 17:48:39,053:INFO:현재 페이지의 기업 수: 100
2024-10-28 17:48:39,053:INFO:가져온 총 기업 수: 28800
2024-10-28 17:48:39,684:INFO:현재 페이지의 기업 수: 100
2024-10-28 17:48:39,684:INFO:가져온 총 기업 수: 28900
2024-10-28 17:48:40,325:INFO:현재 페이지의 기업 수: 100
2024-10-28 17:48:40,325:INFO:가져온 총 기업 수: 29000
2024-10-28 17:48:40,967:INFO:현재 페이지의 기업 수: 100
2024-10-28 17:48:40,967:INFO:가져온 총 기업 수: 29100
2024-10-28 17:48:41,606:INFO:현재 페이지의 기업 수: 100
2024-10-28 17:48:41,606:INFO:가져온 총 기업 수: 29200
2024-10-28 17:48:42,256:INFO:현재 페이지의 기업 수: 100
2024-10-28 17:48:42,257:INFO:가져온 총 기업 수: 29300
2024-10-28 17:48:42,916:INFO:현재 페이지의 기업 수: 100
2024-10-28 17:48:42,916:INFO:가져온 총 기업 수: 29400
2024-10-28 17:48:43,555:INFO:현재 페이지의 기업 수: 100
2024-10-28 17:48:43,555:INFO:가져온 총 기업 수: 29500
2024-10-28 17:48:44,181:INFO:현재 페이지의 기업 수: 63
2024-10-28 17:48:44,181:INFO:가져온 총 기업 수: 29563
2024-10-28 17:48:44,181:INFO:총 가져온 기업 수: 29563
2024-10-28 17:55:47,794:ERROR:모든 기업 목록 가져오기 중 오류 발생: (401)
Reason: Unauthorized
HTTP response headers: HTTPHeaderDict({'Date': 'Tue, 29 Oct 2024 00:55:47 GMT', 'Content-Type': 'application/json', 'Content-Length': '77', 'Connection': 'keep-alive', 'Vary': 'Origin,Accept-Encoding'})
HTTP response body: {"error":"API Key was invalid.","message":"API Key was formatted invalidly."}

2024-10-28 17:55:47,794:INFO:총 가져온 기업 수: 0
2024-10-28 17:55:47,794:WARNING:기업 목록을 가져오지 못했습니다. API 키 권한을 확인하세요.
2024-10-28 17:56:19,814:INFO:현재 페이지의 기업 수: 10000
2024-10-28 17:56:19,817:INFO:가져온 총 기업 수: 10000
2024-10-28 17:57:02,574:INFO:현재 페이지의 기업 수: 10000
2024-10-28 17:57:02,577:INFO:가져온 총 기업 수: 20000
2024-10-28 17:58:03,597:INFO:현재 페이지의 기업 수: 9563
2024-10-28 17:58:03,600:INFO:가져온 총 기업 수: 29563
2024-10-28 17:58:03,600:INFO:총 가져온 기업 수: 29563
2024-10-28 17:58:03,639:INFO:모든 기업의 데이터가 'all_companies_with_legacy_sector.csv' 파일로 저장되었습니다.
2024-10-28 17:58:03,639:INFO:작업이 완료되었습니다.
2024-10-28 18:05:45,259:INFO:현재 페이지의 기업 수: 10000
2024-10-28 18:05:45,261:INFO:가져온 총 기업 수: 10000
2024-10-28 18:06:03,067:INFO:현재 페이지의 기업 수: 10000
2024-10-28 18:06:03,069:INFO:가져온 총 기업 수: 20000
2024-10-28 18:07:02,863:INFO:현재 페이지의 기업 수: 9563
2024-10-28 18:07:02,866:INFO:가져온 총 기업 수: 29563
2024-10-28 18:07:02,866:INFO:총 가져온 기업 수: 29563
2024-10-28 18:07:02,904:INFO:모든 기업의 데이터가 'all_companies_with_legacy_sector.csv' 파일로 저장되었습니다.
2024-10-28 18:07:02,904:INFO:작업이 완료되었습니다.
